authenticate called
im logged called
authenticate called
im logged called
authenticate called
im logged called
authenticate called
im logged called
authenticate called
im logged called
authenticate called
im logged called
authenticate called
im logged called
authenticate called
im logged called
authenticate called
im logged called
authenticate called
im logged called
authenticate called
im logged called
authenticate called
im logged called
authenticate called
im logged called
authenticate called
im logged called
authenticate called
im logged called
authenticate called
im logged called
authenticate called
im logged called
authenticate called
im logged called
authenticate called
im logged called
authenticate called
im logged called
authenticate called
im logged called
authenticate called
im logged called
authenticate called
im logged called
authenticate called
im logged called
authenticate called
im logged called
authenticate called
im logged called
authenticate called
get the fuck out
im logged called
authenticate called
get the fuck out
authenticate called
get the fuck out
authenticate called
get the fuck out
authenticate called
get the fuck out
authenticate called
get the fuck out
authenticate called
get the fuck out
authenticate called
get the fuck out
authenticate called
checking for cookies
get the fuck out
authenticate called
checking for cookies
you fucking suck
authenticate called
checking for cookies
you fucking suck
authenticate called
checking for cookies
you fucking suck
authenticate called
checking for cookies
get the fuck out
authenticate called
checking for cookies
get the fuck out
authenticate called
checking for cookies
get the fuck out
authenticate called
checking for cookies
get the fuck out
authenticate called
checking for cookies
get the fuck out
authenticate called
checking for cookies
you fucking suck
authenticate called
checking for cookies
you fucking suck
authentificated
im logged called
authenticate called
checking for cookies
you fucking suck
authentificated
im logged called
authenticate called
checking for cookies
get the fuck out
